Arguments: 
  /usr/local/bin/node /usr/local/bin/yarn install

PATH: 
  /Users/joseph/google-cloud-sdk/bin:/Users/joseph/opt/anaconda3/bin:/Users/joseph/opt/anaconda3/condabin:/opt/homebrew/bin:/opt/homebrew/sbin:/usr/local/bin:/usr/bin:/bin:/usr/sbin:/sbin:/Applications/Postgres.app/Contents/Versions/latest/bin:/Users/joseph/flutter/flutter/bin:/Users/joseph/Library/Android/sdk:/Users/joseph/Library/Android/sdk/platform-tools

Yarn version: 
  1.22.18

Node version: 
  16.15.0

Platform: 
  darwin arm64

Trace: 
  Error: getaddrinfo ENOTFOUND registry.yarnpkg.com
      at GetAddrInfoReqWrap.onlookup [as oncomplete] (node:dns:71:26)

npm manifest: 
  {
    "name": "trivia-app",
    "version": "0.1.0",
    "private": true,
    "proxy": "http://127.0.0.1:5000/",
    "dependencies": {
      "corsproxy": "^1.5.0",
      "jquery": "^3.4.1",
      "react": "^16.8.6",
      "react-dom": "^16.8.6",
      "react-router-dom": "^5.0.0",
      "react-scripts": "3.0.1"
    },
    "scripts": {
      "start": "node node_modules/react-scripts/scripts/start.js",
      "build": "react-scripts build",
      "test": "react-scripts test",
      "eject": "react-scripts eject"
    },
    "eslintConfig": {
      "extends": "react-app"
    },
    "browserslist": {
      "production": [
        ">0.2%",
        "not dead",
        "not op_mini all"
      ],
      "development": [
        "last 1 chrome version",
        "last 1 firefox version",
        "last 1 safari version"
      ]
    }
  }

yarn manifest: 
  No manifest

Lockfile: 
  No lockfile
